<?xml version="1.0" encoding="UTF-8"?>
<!-- Generated by org.testng.reporters.JUnitReportReporter -->
<testsuite hostname="DSNPVT" failures="0" tests="1" name="com.obsqura.tests.ManageLocationTest" time="34.102" errors="0" timestamp="2023-09-25T14:32:21 IST" skipped="0">
  <testcase classname="com.obsqura.tests.ManageLocationTest" name="MyListLocation" time="34.102"/>
  <system-out/>
</testsuite> <!-- com.obsqura.tests.ManageLocationTest -->
