<?xml version="1.0" encoding="UTF-8"?>
<!-- Generated by org.testng.reporters.JUnitReportReporter -->
<testsuite hostname="DSNPVT" failures="0" tests="1" name="com.obsqura.tests.ManagePaymentTest" time="18.180" errors="0" timestamp="2023-09-26T14:34:26 GMT+05:30" skipped="0">
  <testcase classname="com.obsqura.tests.ManagePaymentTest" name="MyPayment" time="18.180"/>
  <system-out/>
</testsuite> <!-- com.obsqura.tests.ManagePaymentTest -->
