<?xml version="1.0" encoding="UTF-8"?>
<!-- Generated by org.testng.reporters.JUnitReportReporter -->
<testsuite hostname="DSNPVT" failures="0" tests="1" name="com.obsqura.tests.MobileSliderTest" time="7.294" errors="0" timestamp="2023-09-11T21:27:48 IST" skipped="0">
  <testcase classname="com.obsqura.tests.MobileSliderTest" name="MyMobileSlider" time="7.294"/>
  <system-out/>
</testsuite> <!-- com.obsqura.tests.MobileSliderTest -->
