<?xml version="1.0" encoding="UTF-8"?>
<!-- Generated by org.testng.reporters.JUnitReportReporter -->
<testsuite hostname="DSNPVT" failures="0" tests="1" name="com.obsqura.tests.CreateDeliveryBoy" time="24.376" errors="0" timestamp="2023-10-02T19:08:08 IST" skipped="0">
  <testcase classname="com.obsqura.tests.CreateDeliveryBoy" name="CreateDeliveryBoyTest" time="24.376"/>
  <system-out/>
</testsuite> <!-- com.obsqura.tests.CreateDeliveryBoy -->
