<?xml version="1.0" encoding="UTF-8"?>
<!-- Generated by org.testng.reporters.JUnitReportReporter -->
<testsuite hostname="DSNPVT" failures="0" tests="1" name="com.obsqura.tests.EditPaymentTest" time="12.866" errors="0" timestamp="2023-10-02T19:08:08 IST" skipped="0">
  <testcase classname="com.obsqura.tests.EditPaymentTest" name="EditMyPayment" time="12.866"/>
  <system-out/>
</testsuite> <!-- com.obsqura.tests.EditPaymentTest -->
