<?xml version="1.0" encoding="UTF-8"?>
<!-- Generated by org.testng.reporters.JUnitReportReporter -->
<testsuite hostname="DSNPVT" failures="0" tests="1" name="com.obsqura.tests.PushNotificationTest" time="14.729" errors="0" timestamp="2023-10-02T19:09:18 IST" skipped="0">
  <testcase classname="com.obsqura.tests.PushNotificationTest" name="MyNotifications" time="14.729"/>
  <system-out/>
</testsuite> <!-- com.obsqura.tests.PushNotificationTest -->
