<?xml version="1.0" encoding="UTF-8"?>
<!-- Generated by org.testng.reporters.JUnitReportReporter -->
<testsuite hostname="DSNPVT" failures="0" tests="1" name="com.obsqura.tests.AddNewsTest" time="9.751" errors="0" timestamp="2023-10-02T19:09:18 IST" skipped="0">
  <testcase classname="com.obsqura.tests.AddNewsTest" name="AddMyNews" time="9.751"/>
  <system-out/>
</testsuite> <!-- com.obsqura.tests.AddNewsTest -->
