<?xml version="1.0" encoding="UTF-8"?>
<!-- Generated by org.testng.reporters.JUnitReportReporter -->
<testsuite hostname="DSNPVT" failures="0" tests="1" name="com.obsqura.tests.CreateContact" time="41.658" errors="0" timestamp="2023-09-25T19:19:16 IST" skipped="0">
  <testcase classname="com.obsqura.tests.CreateContact" name="CreateContactTest" time="41.658"/>
  <system-out/>
</testsuite> <!-- com.obsqura.tests.CreateContact -->
