<?xml version="1.0" encoding="UTF-8"?>
<!-- Generated by org.testng.reporters.JUnitReportReporter -->
<testsuite hostname="DSNPVT" failures="0" tests="1" name="com.obsqura.tests.AdminUsersTest" time="25.221" errors="0" timestamp="2023-09-25T19:19:16 IST" skipped="0">
  <testcase classname="com.obsqura.tests.AdminUsersTest" name="MyAdminUser" time="25.221"/>
  <system-out/>
</testsuite> <!-- com.obsqura.tests.AdminUsersTest -->
